
2022-10-22 17:24:24.993 [main] INFO  o.s.b.f.a.AutowiredAnnotationBeanPostProcessor - org.springframework.beans.factory.annotation.AutowiredAnnotationBeanPostProcessor JSR-330 'javax.inject.Inject' annotation found and supported for autowiring
2022-10-22 17:24:26.081 [main] INFO  o.s.b.c.e.t.TomcatEmbeddedServletContainer - org.springframework.boot.context.embedded.tomcat.TomcatEmbeddedServletContainer Tomcat initialized with port(s): 8080 (http)
2022-10-22 17:24:26.106 [main] INFO  o.a.catalina.core.StandardService - org.apache.catalina.core.StandardService Starting service [Tomcat]
2022-10-22 17:24:26.110 [main] INFO  o.a.catalina.core.StandardEngine - org.apache.catalina.core.StandardEngine Starting Servlet Engine: Apache Tomcat/8.5.15
2022-10-22 17:24:26.342 [localhost-startStop-1] INFO  o.a.c.c.C.[Tomcat].[localhost].[/] - org.apache.catalina.core.ContainerBase.[Tomcat].[localhost].[/] Initializing Spring embedded WebApplicationContext
2022-10-22 17:24:26.342 [localhost-startStop-1] INFO  o.s.web.context.ContextLoader - org.springframework.web.context.ContextLoader Root WebApplicationContext: initialization completed in 3757 ms
2022-10-22 17:24:26.556 [localhost-startStop-1] INFO  o.s.b.w.s.ServletRegistrationBean - org.springframework.boot.web.servlet.ServletRegistrationBean Mapping servlet: 'dispatcherServlet' to [/]
2022-10-22 17:24:26.561 [localhost-startStop-1] INFO  o.s.b.w.s.FilterRegistrationBean - org.springframework.boot.web.servlet.FilterRegistrationBean Mapping filter: 'characterEncodingFilter' to: [/*]
2022-10-22 17:24:26.561 [localhost-startStop-1] INFO  o.s.b.w.s.FilterRegistrationBean - org.springframework.boot.web.servlet.FilterRegistrationBean Mapping filter: 'hiddenHttpMethodFilter' to: [/*]
2022-10-22 17:24:26.561 [localhost-startStop-1] INFO  o.s.b.w.s.FilterRegistrationBean - org.springframework.boot.web.servlet.FilterRegistrationBean Mapping filter: 'httpPutFormContentFilter' to: [/*]
2022-10-22 17:24:26.561 [localhost-startStop-1] INFO  o.s.b.w.s.FilterRegistrationBean - org.springframework.boot.web.servlet.FilterRegistrationBean Mapping filter: 'requestContextFilter' to: [/*]
2022-10-22 17:24:28.060 [main] INFO  o.s.o.j.LocalContainerEntityManagerFactoryBean - org.springframework.orm.jpa.LocalContainerEntityManagerFactoryBean Building JPA container EntityManagerFactory for persistence unit 'default'
2022-10-22 17:24:28.286 [main] INFO  o.h.annotations.common.Version - org.hibernate.annotations.common.Version HCANN000001: Hibernate Commons Annotations {4.0.1.Final}
2022-10-22 17:24:28.300 [main] INFO  org.hibernate.Version - org.hibernate.Version HHH000412: Hibernate Core {4.1.9.Final}
2022-10-22 17:24:28.302 [main] INFO  org.hibernate.cfg.Environment - org.hibernate.cfg.Environment HHH000206: hibernate.properties not found
2022-10-22 17:24:28.304 [main] INFO  org.hibernate.cfg.Environment - org.hibernate.cfg.Environment HHH000021: Bytecode provider name : javassist
2022-10-22 17:24:28.336 [main] INFO  org.hibernate.ejb.Ejb3Configuration - org.hibernate.ejb.Ejb3Configuration HHH000204: Processing PersistenceUnitInfo [	name: default	...]
2022-10-22 17:24:28.915 [main] INFO  o.h.s.j.c.i.ConnectionProviderInitiator - org.hibernate.service.jdbc.connections.internal.ConnectionProviderInitiator HHH000130: Instantiating explicit connection provider: org.hibernate.ejb.connection.InjectedDataSourceConnectionProvider
2022-10-22 17:24:29.154 [main] INFO  org.hibernate.dialect.Dialect - org.hibernate.dialect.Dialect HHH000400: Using dialect: org.hibernate.dialect.MySQL5Dialect
2022-10-22 17:24:29.244 [main] INFO  o.h.e.t.i.TransactionFactoryInitiator - org.hibernate.engine.transaction.internal.TransactionFactoryInitiator HHH000268: Transaction strategy: org.hibernate.engine.transaction.internal.jdbc.JdbcTransactionFactory
2022-10-22 17:24:29.262 [main] INFO  o.h.h.i.a.ASTQueryTranslatorFactory - org.hibernate.hql.internal.ast.ASTQueryTranslatorFactory HHH000397: Using ASTQueryTranslatorFactory
2022-10-22 17:24:29.798 [main] INFO  o.s.o.j.LocalContainerEntityManagerFactoryBean - org.springframework.orm.jpa.LocalContainerEntityManagerFactoryBean Initialized JPA EntityManagerFactory for persistence unit 'default'
2022-10-22 17:24:29.849 [main] INFO  org.hibernate.dialect.Dialect - org.hibernate.dialect.Dialect HHH000400: Using dialect: org.hibernate.dialect.MySQLDialect
2022-10-22 17:24:29.850 [main] INFO  o.h.e.t.i.TransactionFactoryInitiator - org.hibernate.engine.transaction.internal.TransactionFactoryInitiator HHH000399: Using default transaction strategy (direct JDBC transactions)
2022-10-22 17:24:29.850 [main] INFO  o.h.h.i.a.ASTQueryTranslatorFactory - org.hibernate.hql.internal.ast.ASTQueryTranslatorFactory HHH000397: Using ASTQueryTranslatorFactory
2022-10-22 17:24:30.530 [main] INFO  o.s.o.h.HibernateTransactionManager - org.springframework.orm.hibernate4.HibernateTransactionManager Using DataSource [org.apache.commons.dbcp.BasicDataSource@2d5ef498] of Hibernate SessionFactory for HibernateTransactionManager
2022-10-22 17:24:31.089 [main] INFO  o.s.w.s.m.m.a.RequestMappingHandlerAdapter - org.springframework.web.servlet.mvc.method.annotation.RequestMappingHandlerAdapter Looking for @ControllerAdvice: org.springframework.boot.context.embedded.AnnotationConfigEmbeddedWebApplicationContext@50dfbc58: startup date [Sat Oct 22 17:24:22 PET 2022]; root of context hierarchy
2022-10-22 17:24:31.194 [main] INFO  o.s.w.s.m.m.a.RequestMappingHandlerMapping - org.springframework.web.servlet.mvc.method.annotation.RequestMappingHandlerMapping Mapped "{[/tcs/],methods=[GET]}" onto public org.springframework.http.ResponseEntity<java.lang.Void> pe.com.bbva.hackaton.core.rest.DatasetRestController.tcs() throws java.lang.Exception
2022-10-22 17:24:31.195 [main] INFO  o.s.w.s.m.m.a.RequestMappingHandlerMapping - org.springframework.web.servlet.mvc.method.annotation.RequestMappingHandlerMapping Mapped "{[/dataset/],methods=[GET]}" onto public org.springframework.http.ResponseEntity<java.util.List<pe.com.bbva.hackaton.core.model.entity.Dataset>> pe.com.bbva.hackaton.core.rest.DatasetRestController.listAllDatasets() throws java.lang.Exception
2022-10-22 17:24:31.196 [main] INFO  o.s.w.s.m.m.a.RequestMappingHandlerMapping - org.springframework.web.servlet.mvc.method.annotation.RequestMappingHandlerMapping Mapped "{[/dataset/{id}],methods=[PUT]}" onto public org.springframework.http.ResponseEntity<pe.com.bbva.hackaton.core.model.entity.Dataset> pe.com.bbva.hackaton.core.rest.DatasetRestController.updateDataset(java.lang.Integer,pe.com.bbva.hackaton.core.model.entity.Dataset) throws java.lang.Exception
2022-10-22 17:24:31.196 [main] INFO  o.s.w.s.m.m.a.RequestMappingHandlerMapping - org.springframework.web.servlet.mvc.method.annotation.RequestMappingHandlerMapping Mapped "{[/dataset/{id}],methods=[DELETE]}" onto public org.springframework.http.ResponseEntity<pe.com.bbva.hackaton.core.model.entity.Dataset> pe.com.bbva.hackaton.core.rest.DatasetRestController.deleteDataset(java.lang.Integer) throws java.lang.Exception
2022-10-22 17:24:31.196 [main] INFO  o.s.w.s.m.m.a.RequestMappingHandlerMapping - org.springframework.web.servlet.mvc.method.annotation.RequestMappingHandlerMapping Mapped "{[/dataset/{id}],methods=[GET],produces=[application/json]}" onto public org.springframework.http.ResponseEntity<pe.com.bbva.hackaton.core.model.entity.Dataset> pe.com.bbva.hackaton.core.rest.DatasetRestController.getDataset(java.lang.Integer) throws java.lang.Exception
2022-10-22 17:24:31.197 [main] INFO  o.s.w.s.m.m.a.RequestMappingHandlerMapping - org.springframework.web.servlet.mvc.method.annotation.RequestMappingHandlerMapping Mapped "{[/dataset/],methods=[POST]}" onto public org.springframework.http.ResponseEntity<java.lang.Void> pe.com.bbva.hackaton.core.rest.DatasetRestController.createDataset(pe.com.bbva.hackaton.core.model.entity.Dataset,org.springframework.web.util.UriComponentsBuilder) throws java.lang.Exception
2022-10-22 17:24:31.198 [main] INFO  o.s.w.s.m.m.a.RequestMappingHandlerMapping - org.springframework.web.servlet.mvc.method.annotation.RequestMappingHandlerMapping Mapped "{[/empresaBingComentarios/],methods=[GET]}" onto public org.springframework.http.ResponseEntity<java.util.List<pe.com.bbva.hackaton.core.model.entity.EmpresaBingComentarios>> pe.com.bbva.hackaton.core.rest.EmpresaBingComentariosRestController.listAllEmpresaBingComentarioss() throws java.lang.Exception
2022-10-22 17:24:31.207 [main] INFO  o.s.w.s.m.m.a.RequestMappingHandlerMapping - org.springframework.web.servlet.mvc.method.annotation.RequestMappingHandlerMapping Mapped "{[/empresaBingComentarios/{id}],methods=[GET],produces=[application/json]}" onto public org.springframework.http.ResponseEntity<pe.com.bbva.hackaton.core.model.entity.EmpresaBingComentarios> pe.com.bbva.hackaton.core.rest.EmpresaBingComentariosRestController.getEmpresaBingComentarios(java.lang.Integer) throws java.lang.Exception
2022-10-22 17:24:31.208 [main] INFO  o.s.w.s.m.m.a.RequestMappingHandlerMapping - org.springframework.web.servlet.mvc.method.annotation.RequestMappingHandlerMapping Mapped "{[/empresaBingComentarios/],methods=[POST]}" onto public org.springframework.http.ResponseEntity<java.lang.Void> pe.com.bbva.hackaton.core.rest.EmpresaBingComentariosRestController.createEmpresaBingComentarios(pe.com.bbva.hackaton.core.model.entity.EmpresaBingComentarios,org.springframework.web.util.UriComponentsBuilder) throws java.lang.Exception
2022-10-22 17:24:31.208 [main] INFO  o.s.w.s.m.m.a.RequestMappingHandlerMapping - org.springframework.web.servlet.mvc.method.annotation.RequestMappingHandlerMapping Mapped "{[/empresaBingComentarios/{id}],methods=[PUT]}" onto public org.springframework.http.ResponseEntity<pe.com.bbva.hackaton.core.model.entity.EmpresaBingComentarios> pe.com.bbva.hackaton.core.rest.EmpresaBingComentariosRestController.updateEmpresaBingComentarios(java.lang.Integer,pe.com.bbva.hackaton.core.model.entity.EmpresaBingComentarios) throws java.lang.Exception
2022-10-22 17:24:31.209 [main] INFO  o.s.w.s.m.m.a.RequestMappingHandlerMapping - org.springframework.web.servlet.mvc.method.annotation.RequestMappingHandlerMapping Mapped "{[/empresaBingComentarios/{id}],methods=[DELETE]}" onto public org.springframework.http.ResponseEntity<pe.com.bbva.hackaton.core.model.entity.EmpresaBingComentarios> pe.com.bbva.hackaton.core.rest.EmpresaBingComentariosRestController.deleteEmpresaBingComentarios(java.lang.Integer) throws java.lang.Exception
2022-10-22 17:24:31.214 [main] INFO  o.s.w.s.m.m.a.RequestMappingHandlerMapping - org.springframework.web.servlet.mvc.method.annotation.RequestMappingHandlerMapping Mapped "{[/empresaBing/],methods=[GET]}" onto public org.springframework.http.ResponseEntity<java.util.List<pe.com.bbva.hackaton.core.model.entity.EmpresaBing>> pe.com.bbva.hackaton.core.rest.EmpresaBingRestController.listAllEmpresaBings() throws java.lang.Exception
2022-10-22 17:24:31.215 [main] INFO  o.s.w.s.m.m.a.RequestMappingHandlerMapping - org.springframework.web.servlet.mvc.method.annotation.RequestMappingHandlerMapping Mapped "{[/empresaBing/],methods=[POST]}" onto public org.springframework.http.ResponseEntity<java.lang.Void> pe.com.bbva.hackaton.core.rest.EmpresaBingRestController.createEmpresaBing(pe.com.bbva.hackaton.core.model.entity.EmpresaBing,org.springframework.web.util.UriComponentsBuilder) throws java.lang.Exception
2022-10-22 17:24:31.215 [main] INFO  o.s.w.s.m.m.a.RequestMappingHandlerMapping - org.springframework.web.servlet.mvc.method.annotation.RequestMappingHandlerMapping Mapped "{[/empresaBing/{id}],methods=[PUT]}" onto public org.springframework.http.ResponseEntity<pe.com.bbva.hackaton.core.model.entity.EmpresaBing> pe.com.bbva.hackaton.core.rest.EmpresaBingRestController.updateEmpresaBing(java.lang.Integer,pe.com.bbva.hackaton.core.model.entity.EmpresaBing) throws java.lang.Exception
2022-10-22 17:24:31.215 [main] INFO  o.s.w.s.m.m.a.RequestMappingHandlerMapping - org.springframework.web.servlet.mvc.method.annotation.RequestMappingHandlerMapping Mapped "{[/empresaBing/{id}],methods=[DELETE]}" onto public org.springframework.http.ResponseEntity<pe.com.bbva.hackaton.core.model.entity.EmpresaBing> pe.com.bbva.hackaton.core.rest.EmpresaBingRestController.deleteEmpresaBing(java.lang.Integer) throws java.lang.Exception
2022-10-22 17:24:31.215 [main] INFO  o.s.w.s.m.m.a.RequestMappingHandlerMapping - org.springframework.web.servlet.mvc.method.annotation.RequestMappingHandlerMapping Mapped "{[/empresaBing/{id}],methods=[GET],produces=[application/json]}" onto public org.springframework.http.ResponseEntity<pe.com.bbva.hackaton.core.model.entity.EmpresaBing> pe.com.bbva.hackaton.core.rest.EmpresaBingRestController.getEmpresaBing(java.lang.Integer) throws java.lang.Exception
2022-10-22 17:24:31.216 [main] INFO  o.s.w.s.m.m.a.RequestMappingHandlerMapping - org.springframework.web.servlet.mvc.method.annotation.RequestMappingHandlerMapping Mapped "{[/empresaGoogleComentarios/{id}],methods=[GET],produces=[application/json]}" onto public org.springframework.http.ResponseEntity<pe.com.bbva.hackaton.core.model.entity.EmpresaGoogleComentarios> pe.com.bbva.hackaton.core.rest.EmpresaGoogleComentariosRestController.getEmpresaGoogleComentarios(java.lang.Integer) throws java.lang.Exception
2022-10-22 17:24:31.217 [main] INFO  o.s.w.s.m.m.a.RequestMappingHandlerMapping - org.springframework.web.servlet.mvc.method.annotation.RequestMappingHandlerMapping Mapped "{[/empresaGoogleComentarios/],methods=[POST]}" onto public org.springframework.http.ResponseEntity<java.lang.Void> pe.com.bbva.hackaton.core.rest.EmpresaGoogleComentariosRestController.createEmpresaGoogleComentarios(pe.com.bbva.hackaton.core.model.entity.EmpresaGoogleComentarios,org.springframework.web.util.UriComponentsBuilder) throws java.lang.Exception
2022-10-22 17:24:31.217 [main] INFO  o.s.w.s.m.m.a.RequestMappingHandlerMapping - org.springframework.web.servlet.mvc.method.annotation.RequestMappingHandlerMapping Mapped "{[/empresaGoogleComentarios/{id}],methods=[PUT]}" onto public org.springframework.http.ResponseEntity<pe.com.bbva.hackaton.core.model.entity.EmpresaGoogleComentarios> pe.com.bbva.hackaton.core.rest.EmpresaGoogleComentariosRestController.updateEmpresaGoogleComentarios(java.lang.Integer,pe.com.bbva.hackaton.core.model.entity.EmpresaGoogleComentarios) throws java.lang.Exception
2022-10-22 17:24:31.217 [main] INFO  o.s.w.s.m.m.a.RequestMappingHandlerMapping - org.springframework.web.servlet.mvc.method.annotation.RequestMappingHandlerMapping Mapped "{[/empresaGoogleComentarios/{id}],methods=[DELETE]}" onto public org.springframework.http.ResponseEntity<pe.com.bbva.hackaton.core.model.entity.EmpresaGoogleComentarios> pe.com.bbva.hackaton.core.rest.EmpresaGoogleComentariosRestController.deleteEmpresaGoogleComentarios(java.lang.Integer) throws java.lang.Exception
2022-10-22 17:24:31.218 [main] INFO  o.s.w.s.m.m.a.RequestMappingHandlerMapping - org.springframework.web.servlet.mvc.method.annotation.RequestMappingHandlerMapping Mapped "{[/empresaGoogleComentarios/],methods=[GET]}" onto public org.springframework.http.ResponseEntity<java.util.List<pe.com.bbva.hackaton.core.model.entity.EmpresaGoogleComentarios>> pe.com.bbva.hackaton.core.rest.EmpresaGoogleComentariosRestController.listAllEmpresaGoogleComentarioss() throws java.lang.Exception
2022-10-22 17:24:31.219 [main] INFO  o.s.w.s.m.m.a.RequestMappingHandlerMapping - org.springframework.web.servlet.mvc.method.annotation.RequestMappingHandlerMapping Mapped "{[/empresaGoogle/],methods=[GET]}" onto public org.springframework.http.ResponseEntity<java.util.List<pe.com.bbva.hackaton.core.model.entity.EmpresaGoogle>> pe.com.bbva.hackaton.core.rest.EmpresaGoogleRestController.listAllEmpresaGoogles() throws java.lang.Exception
2022-10-22 17:24:31.219 [main] INFO  o.s.w.s.m.m.a.RequestMappingHandlerMapping - org.springframework.web.servlet.mvc.method.annotation.RequestMappingHandlerMapping Mapped "{[/empresaGoogle/{id}],methods=[GET],produces=[application/json]}" onto public org.springframework.http.ResponseEntity<pe.com.bbva.hackaton.core.model.entity.EmpresaGoogle> pe.com.bbva.hackaton.core.rest.EmpresaGoogleRestController.getEmpresaGoogle(java.lang.Integer) throws java.lang.Exception
2022-10-22 17:24:31.219 [main] INFO  o.s.w.s.m.m.a.RequestMappingHandlerMapping - org.springframework.web.servlet.mvc.method.annotation.RequestMappingHandlerMapping Mapped "{[/empresaGoogle/],methods=[POST]}" onto public org.springframework.http.ResponseEntity<java.lang.Void> pe.com.bbva.hackaton.core.rest.EmpresaGoogleRestController.createEmpresaGoogle(pe.com.bbva.hackaton.core.model.entity.EmpresaGoogle,org.springframework.web.util.UriComponentsBuilder) throws java.lang.Exception
2022-10-22 17:24:31.219 [main] INFO  o.s.w.s.m.m.a.RequestMappingHandlerMapping - org.springframework.web.servlet.mvc.method.annotation.RequestMappingHandlerMapping Mapped "{[/empresaGoogle/{id}],methods=[PUT]}" onto public org.springframework.http.ResponseEntity<pe.com.bbva.hackaton.core.model.entity.EmpresaGoogle> pe.com.bbva.hackaton.core.rest.EmpresaGoogleRestController.updateEmpresaGoogle(java.lang.Integer,pe.com.bbva.hackaton.core.model.entity.EmpresaGoogle) throws java.lang.Exception
2022-10-22 17:24:31.220 [main] INFO  o.s.w.s.m.m.a.RequestMappingHandlerMapping - org.springframework.web.servlet.mvc.method.annotation.RequestMappingHandlerMapping Mapped "{[/empresaGoogle/{id}],methods=[DELETE]}" onto public org.springframework.http.ResponseEntity<pe.com.bbva.hackaton.core.model.entity.EmpresaGoogle> pe.com.bbva.hackaton.core.rest.EmpresaGoogleRestController.deleteEmpresaGoogle(java.lang.Integer) throws java.lang.Exception
2022-10-22 17:24:31.221 [main] INFO  o.s.w.s.m.m.a.RequestMappingHandlerMapping - org.springframework.web.servlet.mvc.method.annotation.RequestMappingHandlerMapping Mapped "{[/inegi/{id}],methods=[GET],produces=[application/json]}" onto public org.springframework.http.ResponseEntity<pe.com.bbva.hackaton.core.model.entity.Inegi> pe.com.bbva.hackaton.core.rest.InegiRestController.getInegi(java.lang.Integer) throws java.lang.Exception
2022-10-22 17:24:31.221 [main] INFO  o.s.w.s.m.m.a.RequestMappingHandlerMapping - org.springframework.web.servlet.mvc.method.annotation.RequestMappingHandlerMapping Mapped "{[/inegi/],methods=[POST]}" onto public org.springframework.http.ResponseEntity<java.lang.Void> pe.com.bbva.hackaton.core.rest.InegiRestController.createInegi(pe.com.bbva.hackaton.core.model.entity.Inegi,org.springframework.web.util.UriComponentsBuilder) throws java.lang.Exception
2022-10-22 17:24:31.221 [main] INFO  o.s.w.s.m.m.a.RequestMappingHandlerMapping - org.springframework.web.servlet.mvc.method.annotation.RequestMappingHandlerMapping Mapped "{[/inegi/{id}],methods=[PUT]}" onto public org.springframework.http.ResponseEntity<pe.com.bbva.hackaton.core.model.entity.Inegi> pe.com.bbva.hackaton.core.rest.InegiRestController.updateInegi(java.lang.Integer,pe.com.bbva.hackaton.core.model.entity.Inegi) throws java.lang.Exception
2022-10-22 17:24:31.222 [main] INFO  o.s.w.s.m.m.a.RequestMappingHandlerMapping - org.springframework.web.servlet.mvc.method.annotation.RequestMappingHandlerMapping Mapped "{[/inegi/{id}],methods=[DELETE]}" onto public org.springframework.http.ResponseEntity<pe.com.bbva.hackaton.core.model.entity.Inegi> pe.com.bbva.hackaton.core.rest.InegiRestController.deleteInegi(java.lang.Integer) throws java.lang.Exception
2022-10-22 17:24:31.222 [main] INFO  o.s.w.s.m.m.a.RequestMappingHandlerMapping - org.springframework.web.servlet.mvc.method.annotation.RequestMappingHandlerMapping Mapped "{[/inegi/],methods=[GET]}" onto public org.springframework.http.ResponseEntity<java.util.List<pe.com.bbva.hackaton.core.model.entity.Inegi>> pe.com.bbva.hackaton.core.rest.InegiRestController.listAllInegis() throws java.lang.Exception
2022-10-22 17:24:31.226 [main] INFO  o.s.w.s.m.m.a.RequestMappingHandlerMapping - org.springframework.web.servlet.mvc.method.annotation.RequestMappingHandlerMapping Mapped "{[/error]}" onto public org.springframework.http.ResponseEntity<java.util.Map<java.lang.String, java.lang.Object>> org.springframework.boot.autoconfigure.web.BasicErrorController.error(javax.servlet.http.HttpServletRequest)
2022-10-22 17:24:31.226 [main] INFO  o.s.w.s.m.m.a.RequestMappingHandlerMapping - org.springframework.web.servlet.mvc.method.annotation.RequestMappingHandlerMapping Mapped "{[/error],produces=[text/html]}" onto public org.springframework.web.servlet.ModelAndView org.springframework.boot.autoconfigure.web.BasicErrorController.errorHtml(javax.servlet.http.HttpServletRequest,javax.servlet.http.HttpServletResponse)
2022-10-22 17:24:31.275 [main] INFO  o.s.w.s.h.SimpleUrlHandlerMapping - org.springframework.web.servlet.handler.SimpleUrlHandlerMapping Mapped URL path [/webjars/**] onto handler of type [class org.springframework.web.servlet.resource.ResourceHttpRequestHandler]
2022-10-22 17:24:31.275 [main] INFO  o.s.w.s.h.SimpleUrlHandlerMapping - org.springframework.web.servlet.handler.SimpleUrlHandlerMapping Mapped URL path [/**] onto handler of type [class org.springframework.web.servlet.resource.ResourceHttpRequestHandler]
2022-10-22 17:24:31.341 [main] INFO  o.s.w.s.h.SimpleUrlHandlerMapping - org.springframework.web.servlet.handler.SimpleUrlHandlerMapping Mapped URL path [/**/favicon.ico] onto handler of type [class org.springframework.web.servlet.resource.ResourceHttpRequestHandler]
2022-10-22 17:24:32.098 [main] INFO  o.s.j.e.a.AnnotationMBeanExporter - org.springframework.jmx.export.annotation.AnnotationMBeanExporter Registering beans for JMX exposure on startup
2022-10-22 17:24:32.163 [main] INFO  o.a.coyote.http11.Http11NioProtocol - org.apache.coyote.http11.Http11NioProtocol Initializing ProtocolHandler ["http-nio-8080"]
2022-10-22 17:24:32.200 [main] INFO  o.a.coyote.http11.Http11NioProtocol - org.apache.coyote.http11.Http11NioProtocol Starting ProtocolHandler ["http-nio-8080"]
2022-10-22 17:24:32.211 [main] INFO  o.a.tomcat.util.net.NioSelectorPool - org.apache.tomcat.util.net.NioSelectorPool Using a shared selector for servlet write/read
2022-10-22 17:24:32.345 [main] INFO  o.s.b.c.e.t.TomcatEmbeddedServletContainer - org.springframework.boot.context.embedded.tomcat.TomcatEmbeddedServletContainer Tomcat started on port(s): 8080 (http)
2022-10-22 17:24:32.350 [main] INFO  p.com.bbva.hackaton.core.Application - pe.com.bbva.hackaton.core.Application Started Application in 10.308 seconds (JVM running for 11.765)
2022-10-22 17:25:24.406 [http-nio-8080-exec-2] INFO  o.a.c.c.C.[Tomcat].[localhost].[/] - org.apache.catalina.core.ContainerBase.[Tomcat].[localhost].[/] Initializing Spring FrameworkServlet 'dispatcherServlet'
2022-10-22 17:25:24.407 [http-nio-8080-exec-2] INFO  o.s.web.servlet.DispatcherServlet - org.springframework.web.servlet.DispatcherServlet FrameworkServlet 'dispatcherServlet': initialization started
2022-10-22 17:25:24.446 [http-nio-8080-exec-2] INFO  o.s.web.servlet.DispatcherServlet - org.springframework.web.servlet.DispatcherServlet FrameworkServlet 'dispatcherServlet': initialization completed in 39 ms
2022-10-22 17:26:16.220 [http-nio-8080-exec-3] ERROR o.a.c.c.C.[.[.[.[dispatcherServlet] - org.apache.catalina.core.ContainerBase.[Tomcat].[localhost].[/].[dispatcherServlet] Servlet.service() for servlet [dispatcherServlet] in context with path [] threw exception [Request processing failed; nested exception is org.springframework.web.client.HttpServerErrorException: 500 null] with root cause
org.springframework.web.client.HttpServerErrorException: 500 null
	at org.springframework.web.client.DefaultResponseErrorHandler.handleError(DefaultResponseErrorHandler.java:66)
	at org.springframework.web.client.RestTemplate.handleResponse(RestTemplate.java:700)
	at org.springframework.web.client.RestTemplate.doExecute(RestTemplate.java:653)
	at org.springframework.web.client.RestTemplate.execute(RestTemplate.java:613)
	at org.springframework.web.client.RestTemplate.exchange(RestTemplate.java:531)
	at pe.com.bbva.hackaton.core.service.impl.DatasetServiceImpl.tcs(DatasetServiceImpl.java:47)
	at sun.reflect.NativeMethodAccessorImpl.invoke0(Native Method)
	at sun.reflect.NativeMethodAccessorImpl.invoke(NativeMethodAccessorImpl.java:62)
	at sun.reflect.DelegatingMethodAccessorImpl.invoke(DelegatingMethodAccessorImpl.java:43)
	at java.lang.reflect.Method.invoke(Method.java:498)
	at org.springframework.aop.support.AopUtils.invokeJoinpointUsingReflection(AopUtils.java:333)
	at org.springframework.aop.framework.ReflectiveMethodInvocation.invokeJoinpoint(ReflectiveMethodInvocation.java:190)
	at org.springframework.aop.framework.ReflectiveMethodInvocation.proceed(ReflectiveMethodInvocation.java:157)
	at org.springframework.transaction.interceptor.TransactionInterceptor$1.proceedWithInvocation(TransactionInterceptor.java:99)
	at org.springframework.transaction.interceptor.TransactionAspectSupport.invokeWithinTransaction(TransactionAspectSupport.java:282)
	at org.springframework.transaction.interceptor.TransactionInterceptor.invoke(TransactionInterceptor.java:96)
	at org.springframework.aop.framework.ReflectiveMethodInvocation.proceed(ReflectiveMethodInvocation.java:179)
	at org.springframework.aop.framework.JdkDynamicAopProxy.invoke(JdkDynamicAopProxy.java:213)
	at com.sun.proxy.$Proxy78.tcs(Unknown Source)
	at pe.com.bbva.hackaton.core.rest.DatasetRestController.tcs(DatasetRestController.java:35)
	at sun.reflect.NativeMethodAccessorImpl.invoke0(Native Method)
	at sun.reflect.NativeMethodAccessorImpl.invoke(NativeMethodAccessorImpl.java:62)
	at sun.reflect.DelegatingMethodAccessorImpl.invoke(DelegatingMethodAccessorImpl.java:43)
	at java.lang.reflect.Method.invoke(Method.java:498)
	at org.springframework.web.method.support.InvocableHandlerMethod.doInvoke(InvocableHandlerMethod.java:205)
	at org.springframework.web.method.support.InvocableHandlerMethod.invokeForRequest(InvocableHandlerMethod.java:133)
	at org.springframework.web.servlet.mvc.method.annotation.ServletInvocableHandlerMethod.invokeAndHandle(ServletInvocableHandlerMethod.java:97)
	at org.springframework.web.servlet.mvc.method.annotation.RequestMappingHandlerAdapter.invokeHandlerMethod(RequestMappingHandlerAdapter.java:827)
	at org.springframework.web.servlet.mvc.method.annotation.RequestMappingHandlerAdapter.handleInternal(RequestMappingHandlerAdapter.java:738)
	at org.springframework.web.servlet.mvc.method.AbstractHandlerMethodAdapter.handle(AbstractHandlerMethodAdapter.java:85)
	at org.springframework.web.servlet.DispatcherServlet.doDispatch(DispatcherServlet.java:967)
	at org.springframework.web.servlet.DispatcherServlet.doService(DispatcherServlet.java:901)
	at org.springframework.web.servlet.FrameworkServlet.processRequest(FrameworkServlet.java:970)
	at org.springframework.web.servlet.FrameworkServlet.doGet(FrameworkServlet.java:861)
	at javax.servlet.http.HttpServlet.service(HttpServlet.java:635)
	at org.springframework.web.servlet.FrameworkServlet.service(FrameworkServlet.java:846)
	at javax.servlet.http.HttpServlet.service(HttpServlet.java:742)
	at org.apache.catalina.core.ApplicationFilterChain.internalDoFilter(ApplicationFilterChain.java:231)
	at org.apache.catalina.core.ApplicationFilterChain.doFilter(ApplicationFilterChain.java:166)
	at org.apache.tomcat.websocket.server.WsFilter.doFilter(WsFilter.java:52)
	at org.apache.catalina.core.ApplicationFilterChain.internalDoFilter(ApplicationFilterChain.java:193)
	at org.apache.catalina.core.ApplicationFilterChain.doFilter(ApplicationFilterChain.java:166)
	at org.springframework.web.filter.RequestContextFilter.doFilterInternal(RequestContextFilter.java:99)
	at org.springframework.web.filter.OncePerRequestFilter.doFilter(OncePerRequestFilter.java:107)
	at org.apache.catalina.core.ApplicationFilterChain.internalDoFilter(ApplicationFilterChain.java:193)
	at org.apache.catalina.core.ApplicationFilterChain.doFilter(ApplicationFilterChain.java:166)
	at org.springframework.web.filter.HttpPutFormContentFilter.doFilterInternal(HttpPutFormContentFilter.java:105)
	at org.springframework.web.filter.OncePerRequestFilter.doFilter(OncePerRequestFilter.java:107)
	at org.apache.catalina.core.ApplicationFilterChain.internalDoFilter(ApplicationFilterChain.java:193)
	at org.apache.catalina.core.ApplicationFilterChain.doFilter(ApplicationFilterChain.java:166)
	at org.springframework.web.filter.HiddenHttpMethodFilter.doFilterInternal(HiddenHttpMethodFilter.java:81)
	at org.springframework.web.filter.OncePerRequestFilter.doFilter(OncePerRequestFilter.java:107)
	at org.apache.catalina.core.ApplicationFilterChain.internalDoFilter(ApplicationFilterChain.java:193)
	at org.apache.catalina.core.ApplicationFilterChain.doFilter(ApplicationFilterChain.java:166)
	at org.springframework.web.filter.CharacterEncodingFilter.doFilterInternal(CharacterEncodingFilter.java:197)
	at org.springframework.web.filter.OncePerRequestFilter.doFilter(OncePerRequestFilter.java:107)
	at org.apache.catalina.core.ApplicationFilterChain.internalDoFilter(ApplicationFilterChain.java:193)
	at org.apache.catalina.core.ApplicationFilterChain.doFilter(ApplicationFilterChain.java:166)
	at org.apache.catalina.core.StandardWrapperValve.invoke(StandardWrapperValve.java:198)
	at org.apache.catalina.core.StandardContextValve.invoke(StandardContextValve.java:96)
	at org.apache.catalina.authenticator.AuthenticatorBase.invoke(AuthenticatorBase.java:478)
	at org.apache.catalina.core.StandardHostValve.invoke(StandardHostValve.java:140)
	at org.apache.catalina.valves.ErrorReportValve.invoke(ErrorReportValve.java:80)
	at org.apache.catalina.core.StandardEngineValve.invoke(StandardEngineValve.java:87)
	at org.apache.catalina.connector.CoyoteAdapter.service(CoyoteAdapter.java:342)
	at org.apache.coyote.http11.Http11Processor.service(Http11Processor.java:799)
	at org.apache.coyote.AbstractProcessorLight.process(AbstractProcessorLight.java:66)
	at org.apache.coyote.AbstractProtocol$ConnectionHandler.process(AbstractProtocol.java:861)
	at org.apache.tomcat.util.net.NioEndpoint$SocketProcessor.doRun(NioEndpoint.java:1455)
	at org.apache.tomcat.util.net.SocketProcessorBase.run(SocketProcessorBase.java:49)
	at java.util.concurrent.ThreadPoolExecutor.runWorker(ThreadPoolExecutor.java:1149)
	at java.util.concurrent.ThreadPoolExecutor$Worker.run(ThreadPoolExecutor.java:624)
	at org.apache.tomcat.util.threads.TaskThread$WrappingRunnable.run(TaskThread.java:61)
	at java.lang.Thread.run(Thread.java:748)
2022-10-22 17:27:29.471 [main] INFO  p.com.bbva.hackaton.core.Application - pe.com.bbva.hackaton.core.Application Starting Application on amp with PID 132029 (/home/pc/Documentos/41_Jober/003_Hackaton/01_Workspace/reto-pyme/target/classes started by pc in /home/pc/Documentos/41_Jober/003_Hackaton/01_Workspace/reto-pyme)
2022-10-22 17:27:29.529 [main] INFO  p.com.bbva.hackaton.core.Application - pe.com.bbva.hackaton.core.Application No active profile set, falling back to default profiles: default
2022-10-22 17:27:29.680 [main] INFO  o.s.b.c.e.AnnotationConfigEmbeddedWebApplicationContext - org.springframework.boot.context.embedded.AnnotationConfigEmbeddedWebApplicationContext Refreshing org.springframework.boot.context.embedded.AnnotationConfigEmbeddedWebApplicationContext@50dfbc58: startup date [Sat Oct 22 17:27:29 PET 2022]; root of context hierarchy
2022-10-22 17:27:30.011 [background-preinit] INFO  o.h.validator.internal.util.Version - org.hibernate.validator.internal.util.Version HV000001: Hibernate Validator 5.3.5.Final
2022-10-22 17:27:30.727 [main] INFO  o.s.b.f.xml.XmlBeanDefinitionReader - org.springframework.beans.factory.xml.XmlBeanDefinitionReader Loading XML bean definitions from class path resource [spring/camel-context.xml]
2022-10-22 17:27:31.033 [main] INFO  o.s.b.f.s.DefaultListableBeanFactory - org.springframework.beans.factory.support.DefaultListableBeanFactory Overriding bean definition for bean 'org.springframework.transaction.config.internalTransactionalEventListenerFactory' with a different definition: replacing [Root bean: class [null]; scope=; abstract=false; lazyInit=false; autowireMode=3; dependencyCheck=0; autowireCandidate=true; primary=false; factoryBeanName=org.springframework.transaction.annotation.ProxyTransactionManagementConfiguration; factoryMethodName=transactionalEventListenerFactory; initMethodName=null; destroyMethodName=(inferred); defined in class path resource [org/springframework/transaction/annotation/ProxyTransactionManagementConfiguration.class]] with [Root bean: class [org.springframework.transaction.event.TransactionalEventListenerFactory]; scope=; abstract=false; lazyInit=false; autowireMode=0; dependencyCheck=0; autowireCandidate=true; primary=false; factoryBeanName=null; factoryMethodName=null; initMethodName=null; destroyMethodName=null]
2022-10-22 17:27:31.859 [main] WARN  o.m.s.mapper.ClassPathMapperScanner - org.mybatis.spring.mapper.ClassPathMapperScanner No MyBatis mapper was found in '[pe.com.bbva.hackaton.core]' package. Please check your configuration.
2022-10-22 17:27:32.533 [main] INFO  o.s.b.f.a.AutowiredAnnotationBeanPostProcessor - org.springframework.beans.factory.annotation.AutowiredAnnotationBeanPostProcessor JSR-330 'javax.inject.Inject' annotation found and supported for autowiring
2022-10-22 17:27:33.717 [main] INFO  o.s.b.c.e.t.TomcatEmbeddedServletContainer - org.springframework.boot.context.embedded.tomcat.TomcatEmbeddedServletContainer Tomcat initialized with port(s): 8080 (http)
2022-10-22 17:27:33.737 [main] INFO  o.a.catalina.core.StandardService - org.apache.catalina.core.StandardService Starting service [Tomcat]
2022-10-22 17:27:33.738 [main] INFO  o.a.catalina.core.StandardEngine - org.apache.catalina.core.StandardEngine Starting Servlet Engine: Apache Tomcat/8.5.15
2022-10-22 17:27:34.035 [localhost-startStop-1] INFO  o.a.c.c.C.[Tomcat].[localhost].[/] - org.apache.catalina.core.ContainerBase.[Tomcat].[localhost].[/] Initializing Spring embedded WebApplicationContext
2022-10-22 17:27:34.038 [localhost-startStop-1] INFO  o.s.web.context.ContextLoader - org.springframework.web.context.ContextLoader Root WebApplicationContext: initialization completed in 4360 ms
2022-10-22 17:27:34.713 [localhost-startStop-1] INFO  o.s.b.w.s.ServletRegistrationBean - org.springframework.boot.web.servlet.ServletRegistrationBean Mapping servlet: 'dispatcherServlet' to [/]
2022-10-22 17:27:34.730 [localhost-startStop-1] INFO  o.s.b.w.s.FilterRegistrationBean - org.springframework.boot.web.servlet.FilterRegistrationBean Mapping filter: 'characterEncodingFilter' to: [/*]
2022-10-22 17:27:34.743 [localhost-startStop-1] INFO  o.s.b.w.s.FilterRegistrationBean - org.springframework.boot.web.servlet.FilterRegistrationBean Mapping filter: 'hiddenHttpMethodFilter' to: [/*]
2022-10-22 17:27:34.744 [localhost-startStop-1] INFO  o.s.b.w.s.FilterRegistrationBean - org.springframework.boot.web.servlet.FilterRegistrationBean Mapping filter: 'httpPutFormContentFilter' to: [/*]
2022-10-22 17:27:34.744 [localhost-startStop-1] INFO  o.s.b.w.s.FilterRegistrationBean - org.springframework.boot.web.servlet.FilterRegistrationBean Mapping filter: 'requestContextFilter' to: [/*]
2022-10-22 17:27:35.904 [main] INFO  o.s.o.j.LocalContainerEntityManagerFactoryBean - org.springframework.orm.jpa.LocalContainerEntityManagerFactoryBean Building JPA container EntityManagerFactory for persistence unit 'default'
2022-10-22 17:27:36.029 [main] INFO  o.h.annotations.common.Version - org.hibernate.annotations.common.Version HCANN000001: Hibernate Commons Annotations {4.0.1.Final}
2022-10-22 17:27:36.034 [main] INFO  org.hibernate.Version - org.hibernate.Version HHH000412: Hibernate Core {4.1.9.Final}
2022-10-22 17:27:36.036 [main] INFO  org.hibernate.cfg.Environment - org.hibernate.cfg.Environment HHH000206: hibernate.properties not found
2022-10-22 17:27:36.037 [main] INFO  org.hibernate.cfg.Environment - org.hibernate.cfg.Environment HHH000021: Bytecode provider name : javassist
2022-10-22 17:27:36.088 [main] INFO  org.hibernate.ejb.Ejb3Configuration - org.hibernate.ejb.Ejb3Configuration HHH000204: Processing PersistenceUnitInfo [	name: default	...]
2022-10-22 17:27:36.422 [main] INFO  o.h.s.j.c.i.ConnectionProviderInitiator - org.hibernate.service.jdbc.connections.internal.ConnectionProviderInitiator HHH000130: Instantiating explicit connection provider: org.hibernate.ejb.connection.InjectedDataSourceConnectionProvider
2022-10-22 17:27:36.518 [main] INFO  org.hibernate.dialect.Dialect - org.hibernate.dialect.Dialect HHH000400: Using dialect: org.hibernate.dialect.MySQL5Dialect
2022-10-22 17:27:36.545 [main] INFO  o.h.e.t.i.TransactionFactoryInitiator - org.hibernate.engine.transaction.internal.TransactionFactoryInitiator HHH000268: Transaction strategy: org.hibernate.engine.transaction.internal.jdbc.JdbcTransactionFactory
2022-10-22 17:27:36.551 [main] INFO  o.h.h.i.a.ASTQueryTranslatorFactory - org.hibernate.hql.internal.ast.ASTQueryTranslatorFactory HHH000397: Using ASTQueryTranslatorFactory
2022-10-22 17:27:36.948 [main] INFO  o.s.o.j.LocalContainerEntityManagerFactoryBean - org.springframework.orm.jpa.LocalContainerEntityManagerFactoryBean Initialized JPA EntityManagerFactory for persistence unit 'default'
2022-10-22 17:27:37.036 [main] INFO  org.hibernate.dialect.Dialect - org.hibernate.dialect.Dialect HHH000400: Using dialect: org.hibernate.dialect.MySQLDialect
2022-10-22 17:27:37.037 [main] INFO  o.h.e.t.i.TransactionFactoryInitiator - org.hibernate.engine.transaction.internal.TransactionFactoryInitiator HHH000399: Using default transaction strategy (direct JDBC transactions)
2022-10-22 17:27:37.038 [main] INFO  o.h.h.i.a.ASTQueryTranslatorFactory - org.hibernate.hql.internal.ast.ASTQueryTranslatorFactory HHH000397: Using ASTQueryTranslatorFactory
2022-10-22 17:27:37.428 [main] INFO  o.s.o.h.HibernateTransactionManager - org.springframework.orm.hibernate4.HibernateTransactionManager Using DataSource [org.apache.commons.dbcp.BasicDataSource@7e0bc8a3] of Hibernate SessionFactory for HibernateTransactionManager
2022-10-22 17:27:37.872 [main] INFO  o.s.w.s.m.m.a.RequestMappingHandlerAdapter - org.springframework.web.servlet.mvc.method.annotation.RequestMappingHandlerAdapter Looking for @ControllerAdvice: org.springframework.boot.context.embedded.AnnotationConfigEmbeddedWebApplicationContext@50dfbc58: startup date [Sat Oct 22 17:27:29 PET 2022]; root of context hierarchy
2022-10-22 17:27:37.979 [main] INFO  o.s.w.s.m.m.a.RequestMappingHandlerMapping - org.springframework.web.servlet.mvc.method.annotation.RequestMappingHandlerMapping Mapped "{[/tcs/],methods=[GET]}" onto public org.springframework.http.ResponseEntity<java.lang.Void> pe.com.bbva.hackaton.core.rest.DatasetRestController.tcs() throws java.lang.Exception
2022-10-22 17:27:37.980 [main] INFO  o.s.w.s.m.m.a.RequestMappingHandlerMapping - org.springframework.web.servlet.mvc.method.annotation.RequestMappingHandlerMapping Mapped "{[/dataset/],methods=[GET]}" onto public org.springframework.http.ResponseEntity<java.util.List<pe.com.bbva.hackaton.core.model.entity.Dataset>> pe.com.bbva.hackaton.core.rest.DatasetRestController.listAllDatasets() throws java.lang.Exception
2022-10-22 17:27:37.981 [main] INFO  o.s.w.s.m.m.a.RequestMappingHandlerMapping - org.springframework.web.servlet.mvc.method.annotation.RequestMappingHandlerMapping Mapped "{[/dataset/{id}],methods=[GET],produces=[application/json]}" onto public org.springframework.http.ResponseEntity<pe.com.bbva.hackaton.core.model.entity.Dataset> pe.com.bbva.hackaton.core.rest.DatasetRestController.getDataset(java.lang.Integer) throws java.lang.Exception
2022-10-22 17:27:37.981 [main] INFO  o.s.w.s.m.m.a.RequestMappingHandlerMapping - org.springframework.web.servlet.mvc.method.annotation.RequestMappingHandlerMapping Mapped "{[/dataset/],methods=[POST]}" onto public org.springframework.http.ResponseEntity<java.lang.Void> pe.com.bbva.hackaton.core.rest.DatasetRestController.createDataset(pe.com.bbva.hackaton.core.model.entity.Dataset,org.springframework.web.util.UriComponentsBuilder) throws java.lang.Exception
2022-10-22 17:27:37.981 [main] INFO  o.s.w.s.m.m.a.RequestMappingHandlerMapping - org.springframework.web.servlet.mvc.method.annotation.RequestMappingHandlerMapping Mapped "{[/dataset/{id}],methods=[PUT]}" onto public org.springframework.http.ResponseEntity<pe.com.bbva.hackaton.core.model.entity.Dataset> pe.com.bbva.hackaton.core.rest.DatasetRestController.updateDataset(java.lang.Integer,pe.com.bbva.hackaton.core.model.entity.Dataset) throws java.lang.Exception
2022-10-22 17:27:37.982 [main] INFO  o.s.w.s.m.m.a.RequestMappingHandlerMapping - org.springframework.web.servlet.mvc.method.annotation.RequestMappingHandlerMapping Mapped "{[/dataset/{id}],methods=[DELETE]}" onto public org.springframework.http.ResponseEntity<pe.com.bbva.hackaton.core.model.entity.Dataset> pe.com.bbva.hackaton.core.rest.DatasetRestController.deleteDataset(java.lang.Integer) throws java.lang.Exception
2022-10-22 17:27:37.983 [main] INFO  o.s.w.s.m.m.a.RequestMappingHandlerMapping - org.springframework.web.servlet.mvc.method.annotation.RequestMappingHandlerMapping Mapped "{[/empresaBingComentarios/{id}],methods=[PUT]}" onto public org.springframework.http.ResponseEntity<pe.com.bbva.hackaton.core.model.entity.EmpresaBingComentarios> pe.com.bbva.hackaton.core.rest.EmpresaBingComentariosRestController.updateEmpresaBingComentarios(java.lang.Integer,pe.com.bbva.hackaton.core.model.entity.EmpresaBingComentarios) throws java.lang.Exception
2022-10-22 17:27:37.983 [main] INFO  o.s.w.s.m.m.a.RequestMappingHandlerMapping - org.springframework.web.servlet.mvc.method.annotation.RequestMappingHandlerMapping Mapped "{[/empresaBingComentarios/{id}],methods=[DELETE]}" onto public org.springframework.http.ResponseEntity<pe.com.bbva.hackaton.core.model.entity.EmpresaBingComentarios> pe.com.bbva.hackaton.core.rest.EmpresaBingComentariosRestController.deleteEmpresaBingComentarios(java.lang.Integer) throws java.lang.Exception
2022-10-22 17:27:37.984 [main] INFO  o.s.w.s.m.m.a.RequestMappingHandlerMapping - org.springframework.web.servlet.mvc.method.annotation.RequestMappingHandlerMapping Mapped "{[/empresaBingComentarios/],methods=[GET]}" onto public org.springframework.http.ResponseEntity<java.util.List<pe.com.bbva.hackaton.core.model.entity.EmpresaBingComentarios>> pe.com.bbva.hackaton.core.rest.EmpresaBingComentariosRestController.listAllEmpresaBingComentarioss() throws java.lang.Exception
2022-10-22 17:27:37.984 [main] INFO  o.s.w.s.m.m.a.RequestMappingHandlerMapping - org.springframework.web.servlet.mvc.method.annotation.RequestMappingHandlerMapping Mapped "{[/empresaBingComentarios/{id}],methods=[GET],produces=[application/json]}" onto public org.springframework.http.ResponseEntity<pe.com.bbva.hackaton.core.model.entity.EmpresaBingComentarios> pe.com.bbva.hackaton.core.rest.EmpresaBingComentariosRestController.getEmpresaBingComentarios(java.lang.Integer) throws java.lang.Exception
2022-10-22 17:27:37.984 [main] INFO  o.s.w.s.m.m.a.RequestMappingHandlerMapping - org.springframework.web.servlet.mvc.method.annotation.RequestMappingHandlerMapping Mapped "{[/empresaBingComentarios/],methods=[POST]}" onto public org.springframework.http.ResponseEntity<java.lang.Void> pe.com.bbva.hackaton.core.rest.EmpresaBingComentariosRestController.createEmpresaBingComentarios(pe.com.bbva.hackaton.core.model.entity.EmpresaBingComentarios,org.springframework.web.util.UriComponentsBuilder) throws java.lang.Exception
2022-10-22 17:27:37.987 [main] INFO  o.s.w.s.m.m.a.RequestMappingHandlerMapping - org.springframework.web.servlet.mvc.method.annotation.RequestMappingHandlerMapping Mapped "{[/empresaBing/],methods=[GET]}" onto public org.springframework.http.ResponseEntity<java.util.List<pe.com.bbva.hackaton.core.model.entity.EmpresaBing>> pe.com.bbva.hackaton.core.rest.EmpresaBingRestController.listAllEmpresaBings() throws java.lang.Exception
2022-10-22 17:27:37.987 [main] INFO  o.s.w.s.m.m.a.RequestMappingHandlerMapping - org.springframework.web.servlet.mvc.method.annotation.RequestMappingHandlerMapping Mapped "{[/empresaBing/],methods=[POST]}" onto public org.springframework.http.ResponseEntity<java.lang.Void> pe.com.bbva.hackaton.core.rest.EmpresaBingRestController.createEmpresaBing(pe.com.bbva.hackaton.core.model.entity.EmpresaBing,org.springframework.web.util.UriComponentsBuilder) throws java.lang.Exception
2022-10-22 17:27:37.988 [main] INFO  o.s.w.s.m.m.a.RequestMappingHandlerMapping - org.springframework.web.servlet.mvc.method.annotation.RequestMappingHandlerMapping Mapped "{[/empresaBing/{id}],methods=[PUT]}" onto public org.springframework.http.ResponseEntity<pe.com.bbva.hackaton.core.model.entity.EmpresaBing> pe.com.bbva.hackaton.core.rest.EmpresaBingRestController.updateEmpresaBing(java.lang.Integer,pe.com.bbva.hackaton.core.model.entity.EmpresaBing) throws java.lang.Exception
2022-10-22 17:27:37.988 [main] INFO  o.s.w.s.m.m.a.RequestMappingHandlerMapping - org.springframework.web.servlet.mvc.method.annotation.RequestMappingHandlerMapping Mapped "{[/empresaBing/{id}],methods=[DELETE]}" onto public org.springframework.http.ResponseEntity<pe.com.bbva.hackaton.core.model.entity.EmpresaBing> pe.com.bbva.hackaton.core.rest.EmpresaBingRestController.deleteEmpresaBing(java.lang.Integer) throws java.lang.Exception
2022-10-22 17:27:37.988 [main] INFO  o.s.w.s.m.m.a.RequestMappingHandlerMapping - org.springframework.web.servlet.mvc.method.annotation.RequestMappingHandlerMapping Mapped "{[/empresaBing/{id}],methods=[GET],produces=[application/json]}" onto public org.springframework.http.ResponseEntity<pe.com.bbva.hackaton.core.model.entity.EmpresaBing> pe.com.bbva.hackaton.core.rest.EmpresaBingRestController.getEmpresaBing(java.lang.Integer) throws java.lang.Exception
2022-10-22 17:27:37.989 [main] INFO  o.s.w.s.m.m.a.RequestMappingHandlerMapping - org.springframework.web.servlet.mvc.method.annotation.RequestMappingHandlerMapping Mapped "{[/empresaGoogleComentarios/{id}],methods=[DELETE]}" onto public org.springframework.http.ResponseEntity<pe.com.bbva.hackaton.core.model.entity.EmpresaGoogleComentarios> pe.com.bbva.hackaton.core.rest.EmpresaGoogleComentariosRestController.deleteEmpresaGoogleComentarios(java.lang.Integer) throws java.lang.Exception
2022-10-22 17:27:37.989 [main] INFO  o.s.w.s.m.m.a.RequestMappingHandlerMapping - org.springframework.web.servlet.mvc.method.annotation.RequestMappingHandlerMapping Mapped "{[/empresaGoogleComentarios/],methods=[GET]}" onto public org.springframework.http.ResponseEntity<java.util.List<pe.com.bbva.hackaton.core.model.entity.EmpresaGoogleComentarios>> pe.com.bbva.hackaton.core.rest.EmpresaGoogleComentariosRestController.listAllEmpresaGoogleComentarioss() throws java.lang.Exception
2022-10-22 17:27:37.990 [main] INFO  o.s.w.s.m.m.a.RequestMappingHandlerMapping - org.springframework.web.servlet.mvc.method.annotation.RequestMappingHandlerMapping Mapped "{[/empresaGoogleComentarios/{id}],methods=[GET],produces=[application/json]}" onto public org.springframework.http.ResponseEntity<pe.com.bbva.hackaton.core.model.entity.EmpresaGoogleComentarios> pe.com.bbva.hackaton.core.rest.EmpresaGoogleComentariosRestController.getEmpresaGoogleComentarios(java.lang.Integer) throws java.lang.Exception
2022-10-22 17:27:37.990 [main] INFO  o.s.w.s.m.m.a.RequestMappingHandlerMapping - org.springframework.web.servlet.mvc.method.annotation.RequestMappingHandlerMapping Mapped "{[/empresaGoogleComentarios/],methods=[POST]}" onto public org.springframework.http.ResponseEntity<java.lang.Void> pe.com.bbva.hackaton.core.rest.EmpresaGoogleComentariosRestController.createEmpresaGoogleComentarios(pe.com.bbva.hackaton.core.model.entity.EmpresaGoogleComentarios,org.springframework.web.util.UriComponentsBuilder) throws java.lang.Exception
2022-10-22 17:27:37.990 [main] INFO  o.s.w.s.m.m.a.RequestMappingHandlerMapping - org.springframework.web.servlet.mvc.method.annotation.RequestMappingHandlerMapping Mapped "{[/empresaGoogleComentarios/{id}],methods=[PUT]}" onto public org.springframework.http.ResponseEntity<pe.com.bbva.hackaton.core.model.entity.EmpresaGoogleComentarios> pe.com.bbva.hackaton.core.rest.EmpresaGoogleComentariosRestController.updateEmpresaGoogleComentarios(java.lang.Integer,pe.com.bbva.hackaton.core.model.entity.EmpresaGoogleComentarios) throws java.lang.Exception
2022-10-22 17:27:37.991 [main] INFO  o.s.w.s.m.m.a.RequestMappingHandlerMapping - org.springframework.web.servlet.mvc.method.annotation.RequestMappingHandlerMapping Mapped "{[/empresaGoogle/],methods=[GET]}" onto public org.springframework.http.ResponseEntity<java.util.List<pe.com.bbva.hackaton.core.model.entity.EmpresaGoogle>> pe.com.bbva.hackaton.core.rest.EmpresaGoogleRestController.listAllEmpresaGoogles() throws java.lang.Exception
2022-10-22 17:27:37.992 [main] INFO  o.s.w.s.m.m.a.RequestMappingHandlerMapping - org.springframework.web.servlet.mvc.method.annotation.RequestMappingHandlerMapping Mapped "{[/empresaGoogle/],methods=[POST]}" onto public org.springframework.http.ResponseEntity<java.lang.Void> pe.com.bbva.hackaton.core.rest.EmpresaGoogleRestController.createEmpresaGoogle(pe.com.bbva.hackaton.core.model.entity.EmpresaGoogle,org.springframework.web.util.UriComponentsBuilder) throws java.lang.Exception
2022-10-22 17:27:37.992 [main] INFO  o.s.w.s.m.m.a.RequestMappingHandlerMapping - org.springframework.web.servlet.mvc.method.annotation.RequestMappingHandlerMapping Mapped "{[/empresaGoogle/{id}],methods=[GET],produces=[application/json]}" onto public org.springframework.http.ResponseEntity<pe.com.bbva.hackaton.core.model.entity.EmpresaGoogle> pe.com.bbva.hackaton.core.rest.EmpresaGoogleRestController.getEmpresaGoogle(java.lang.Integer) throws java.lang.Exception
2022-10-22 17:27:37.992 [main] INFO  o.s.w.s.m.m.a.RequestMappingHandlerMapping - org.springframework.web.servlet.mvc.method.annotation.RequestMappingHandlerMapping Mapped "{[/empresaGoogle/{id}],methods=[PUT]}" onto public org.springframework.http.ResponseEntity<pe.com.bbva.hackaton.core.model.entity.EmpresaGoogle> pe.com.bbva.hackaton.core.rest.EmpresaGoogleRestController.updateEmpresaGoogle(java.lang.Integer,pe.com.bbva.hackaton.core.model.entity.EmpresaGoogle) throws java.lang.Exception
2022-10-22 17:27:37.993 [main] INFO  o.s.w.s.m.m.a.RequestMappingHandlerMapping - org.springframework.web.servlet.mvc.method.annotation.RequestMappingHandlerMapping Mapped "{[/empresaGoogle/{id}],methods=[DELETE]}" onto public org.springframework.http.ResponseEntity<pe.com.bbva.hackaton.core.model.entity.EmpresaGoogle> pe.com.bbva.hackaton.core.rest.EmpresaGoogleRestController.deleteEmpresaGoogle(java.lang.Integer) throws java.lang.Exception
2022-10-22 17:27:37.993 [main] INFO  o.s.w.s.m.m.a.RequestMappingHandlerMapping - org.springframework.web.servlet.mvc.method.annotation.RequestMappingHandlerMapping Mapped "{[/inegi/{id}],methods=[GET],produces=[application/json]}" onto public org.springframework.http.ResponseEntity<pe.com.bbva.hackaton.core.model.entity.Inegi> pe.com.bbva.hackaton.core.rest.InegiRestController.getInegi(java.lang.Integer) throws java.lang.Exception
2022-10-22 17:27:37.994 [main] INFO  o.s.w.s.m.m.a.RequestMappingHandlerMapping - org.springframework.web.servlet.mvc.method.annotation.RequestMappingHandlerMapping Mapped "{[/inegi/],methods=[GET]}" onto public org.springframework.http.ResponseEntity<java.util.List<pe.com.bbva.hackaton.core.model.entity.Inegi>> pe.com.bbva.hackaton.core.rest.InegiRestController.listAllInegis() throws java.lang.Exception
2022-10-22 17:27:37.994 [main] INFO  o.s.w.s.m.m.a.RequestMappingHandlerMapping - org.springframework.web.servlet.mvc.method.annotation.RequestMappingHandlerMapping Mapped "{[/inegi/],methods=[POST]}" onto public org.springframework.http.ResponseEntity<java.lang.Void> pe.com.bbva.hackaton.core.rest.InegiRestController.createInegi(pe.com.bbva.hackaton.core.model.entity.Inegi,org.springframework.web.util.UriComponentsBuilder) throws java.lang.Exception
2022-10-22 17:27:37.994 [main] INFO  o.s.w.s.m.m.a.RequestMappingHandlerMapping - org.springframework.web.servlet.mvc.method.annotation.RequestMappingHandlerMapping Mapped "{[/inegi/{id}],methods=[PUT]}" onto public org.springframework.http.ResponseEntity<pe.com.bbva.hackaton.core.model.entity.Inegi> pe.com.bbva.hackaton.core.rest.InegiRestController.updateInegi(java.lang.Integer,pe.com.bbva.hackaton.core.model.entity.Inegi) throws java.lang.Exception
2022-10-22 17:27:37.994 [main] INFO  o.s.w.s.m.m.a.RequestMappingHandlerMapping - org.springframework.web.servlet.mvc.method.annotation.RequestMappingHandlerMapping Mapped "{[/inegi/{id}],methods=[DELETE]}" onto public org.springframework.http.ResponseEntity<pe.com.bbva.hackaton.core.model.entity.Inegi> pe.com.bbva.hackaton.core.rest.InegiRestController.deleteInegi(java.lang.Integer) throws java.lang.Exception
2022-10-22 17:27:37.997 [main] INFO  o.s.w.s.m.m.a.RequestMappingHandlerMapping - org.springframework.web.servlet.mvc.method.annotation.RequestMappingHandlerMapping Mapped "{[/error],produces=[text/html]}" onto public org.springframework.web.servlet.ModelAndView org.springframework.boot.autoconfigure.web.BasicErrorController.errorHtml(javax.servlet.http.HttpServletRequest,javax.servlet.http.HttpServletResponse)
2022-10-22 17:27:37.998 [main] INFO  o.s.w.s.m.m.a.RequestMappingHandlerMapping - org.springframework.web.servlet.mvc.method.annotation.RequestMappingHandlerMapping Mapped "{[/error]}" onto public org.springframework.http.ResponseEntity<java.util.Map<java.lang.String, java.lang.Object>> org.springframework.boot.autoconfigure.web.BasicErrorController.error(javax.servlet.http.HttpServletRequest)
2022-10-22 17:27:38.082 [main] INFO  o.s.w.s.h.SimpleUrlHandlerMapping - org.springframework.web.servlet.handler.SimpleUrlHandlerMapping Mapped URL path [/webjars/**] onto handler of type [class org.springframework.web.servlet.resource.ResourceHttpRequestHandler]
2022-10-22 17:27:38.082 [main] INFO  o.s.w.s.h.SimpleUrlHandlerMapping - org.springframework.web.servlet.handler.SimpleUrlHandlerMapping Mapped URL path [/**] onto handler of type [class org.springframework.web.servlet.resource.ResourceHttpRequestHandler]
2022-10-22 17:27:38.173 [main] INFO  o.s.w.s.h.SimpleUrlHandlerMapping - org.springframework.web.servlet.handler.SimpleUrlHandlerMapping Mapped URL path [/**/favicon.ico] onto handler of type [class org.springframework.web.servlet.resource.ResourceHttpRequestHandler]
2022-10-22 17:27:38.830 [main] INFO  o.s.j.e.a.AnnotationMBeanExporter - org.springframework.jmx.export.annotation.AnnotationMBeanExporter Registering beans for JMX exposure on startup
2022-10-22 17:27:38.856 [main] INFO  o.a.coyote.http11.Http11NioProtocol - org.apache.coyote.http11.Http11NioProtocol Initializing ProtocolHandler ["http-nio-8080"]
2022-10-22 17:27:38.870 [main] INFO  o.a.coyote.http11.Http11NioProtocol - org.apache.coyote.http11.Http11NioProtocol Starting ProtocolHandler ["http-nio-8080"]
2022-10-22 17:27:38.878 [main] INFO  o.a.tomcat.util.net.NioSelectorPool - org.apache.tomcat.util.net.NioSelectorPool Using a shared selector for servlet write/read
2022-10-22 17:27:38.980 [main] INFO  o.s.b.c.e.t.TomcatEmbeddedServletContainer - org.springframework.boot.context.embedded.tomcat.TomcatEmbeddedServletContainer Tomcat started on port(s): 8080 (http)
2022-10-22 17:27:38.988 [main] INFO  p.com.bbva.hackaton.core.Application - pe.com.bbva.hackaton.core.Application Started Application in 10.393 seconds (JVM running for 11.589)
2022-10-22 17:27:40.648 [http-nio-8080-exec-2] INFO  o.a.c.c.C.[Tomcat].[localhost].[/] - org.apache.catalina.core.ContainerBase.[Tomcat].[localhost].[/] Initializing Spring FrameworkServlet 'dispatcherServlet'
2022-10-22 17:27:40.649 [http-nio-8080-exec-2] INFO  o.s.web.servlet.DispatcherServlet - org.springframework.web.servlet.DispatcherServlet FrameworkServlet 'dispatcherServlet': initialization started
2022-10-22 17:27:40.673 [http-nio-8080-exec-2] INFO  o.s.web.servlet.DispatcherServlet - org.springframework.web.servlet.DispatcherServlet FrameworkServlet 'dispatcherServlet': initialization completed in 23 ms
